nohup: 忽略输入
T = 13, initial_l is 0.035628
time used:  3579.141850709915
out is  100.0002212524414
min_X: 0.000000, max_X: 1100.000000, size_X: 1101, min_Y: 0.000000, max_Y: 1100.000000, size_Y: 144, min_Z: 0.000000, max_Z: 84.615385, size_Z: 12, min_E: 0, max_E: 1, size_E: 2, min_W: 0.000000, max_W: 1100.000000, size_W: 144, a1: 0.150000, a2: 0.025000, r: 0.050000, mu: 0.050000, sigma: 0.200000, motecalo_nums: 100000, p: 1.000000, initial_investment: 100.000000
V array initialized
cudamalloc done
init_global_XYZEW_V is done
init_texture_surface_object is done
X_index_1 = 100, X_index_2 = 101, Y_index_1 = 13, Y_index_2 = 14, Z_index_1 = 1, Z_index_2 = 2
1/2---对应的账户值是：100.000000, 101.000000, 100.000000, 107.692307, 7.692308, 15.384616
相应的delta值是：0.000000, 0.000000, 0.000000
out1 = 100.000221, out2 = 101.028580, out3 = 102.398796, out4 = 101.540581, out5 = 103.005600, out6 = 102.444794, out7 = 103.756264, out8 = 104.320404, output = 100.000221
clean_global_XYZEW_V is done
nohup: 忽略输入
T = 14, initial_l is 0.034907
time used:  2259.78032207489
out is  100.11669921875
min_X: 0.000000, max_X: 1400.000000, size_X: 350, min_Y: 0.000000, max_Y: 1400.000000, size_Y: 197, min_Z: 0.000000, max_Z: 100.000000, size_Z: 15, min_E: 0, max_E: 1, size_E: 2, min_W: 0.000000, max_W: 1400.000000, size_W: 197, a1: 0.150000, a2: 0.025000, r: 0.050000, mu: 0.050000, sigma: 0.200000, motecalo_nums: 100000, p: 1.000000, initial_investment: 100.000000
V array initialized
cudamalloc done
init_global_XYZEW_V is done
init_texture_surface_object is done
X_index_1 = 24, X_index_2 = 25, Y_index_1 = 14, Y_index_2 = 15, Z_index_1 = 1, Z_index_2 = 2
1/2---对应的账户值是：96.275070, 100.286530, 100.000000, 107.142860, 7.142857, 14.285714
相应的delta值是：0.928572, 0.000000, 0.000000
out1 = 97.305260, out2 = 100.332970, out3 = 99.805191, out4 = 98.677986, out5 = 102.319275, out6 = 101.644409, out7 = 100.882866, out8 = 103.562691, output = 100.116699
clean_global_XYZEW_V is done
